d:\proyectos de visual\principalpvsz\principalpvsz\x64\debug\vc143.pdb
d:\proyectos de visual\principalpvsz\principalpvsz\x64\debug\vc143.idb
d:\proyectos de visual\principalpvsz\principalpvsz\x64\debug\zombi.obj
d:\proyectos de visual\principalpvsz\principalpvsz\x64\debug\proyectil.obj
d:\proyectos de visual\principalpvsz\principalpvsz\x64\debug\planta.obj
d:\proyectos de visual\principalpvsz\principalpvsz\x64\debug\actor.obj
d:\proyectos de visual\principalpvsz\principalpvsz\x64\debug\principalpvsz.obj
d:\proyectos de visual\principalpvsz\x64\debug\principalpvsz.pdb
d:\proyectos de visual\principalpvsz\principalpvsz\x64\debug\principalpvsz.tlog\cl.command.1.tlog
d:\proyectos de visual\principalpvsz\principalpvsz\x64\debug\principalpvsz.tlog\cl.items.tlog
d:\proyectos de visual\principalpvsz\principalpvsz\x64\debug\principalpvsz.tlog\cl.read.1.tlog
d:\proyectos de visual\principalpvsz\principalpvsz\x64\debug\principalpvsz.tlog\cl.write.1.tlog
d:\proyectos de visual\principalpvsz\principalpvsz\x64\debug\principalpvsz.tlog\link-cvtres.read.1.tlog
d:\proyectos de visual\principalpvsz\principalpvsz\x64\debug\principalpvsz.tlog\link-cvtres.write.1.tlog
d:\proyectos de visual\principalpvsz\principalpvsz\x64\debug\principalpvsz.tlog\link-rc.read.1.tlog
d:\proyectos de visual\principalpvsz\principalpvsz\x64\debug\principalpvsz.tlog\link-rc.write.1.tlog
d:\proyectos de visual\principalpvsz\principalpvsz\x64\debug\principalpvsz.tlog\link.8540-cvtres.read.1.tlog
d:\proyectos de visual\principalpvsz\principalpvsz\x64\debug\principalpvsz.tlog\link.8540-cvtres.write.1.tlog
d:\proyectos de visual\principalpvsz\principalpvsz\x64\debug\principalpvsz.tlog\link.8540-rc.read.1.tlog
d:\proyectos de visual\principalpvsz\principalpvsz\x64\debug\principalpvsz.tlog\link.8540-rc.write.1.tlog
d:\proyectos de visual\principalpvsz\principalpvsz\x64\debug\principalpvsz.tlog\link.8540.read.1.tlog
d:\proyectos de visual\principalpvsz\principalpvsz\x64\debug\principalpvsz.tlog\link.8540.read.2.tlog
d:\proyectos de visual\principalpvsz\principalpvsz\x64\debug\principalpvsz.tlog\link.8540.write.1.tlog
d:\proyectos de visual\principalpvsz\principalpvsz\x64\debug\principalpvsz.tlog\link.command.1.tlog
d:\proyectos de visual\principalpvsz\principalpvsz\x64\debug\principalpvsz.tlog\link.read.1.tlog
d:\proyectos de visual\principalpvsz\principalpvsz\x64\debug\principalpvsz.tlog\link.read.2.tlog
d:\proyectos de visual\principalpvsz\principalpvsz\x64\debug\principalpvsz.tlog\link.write.1.tlog
